<?xml version="1.0" encoding="UTF-8"?>
<!-- Generated by org.testng.reporters.JUnitReportReporter -->
<testsuite hostname="Lenovo" failures="0" tests="4" name="test.NewTest" time="147.365" errors="0" timestamp="1 May 2020 15:41:34 GMT">
  <testcase classname="test.NewTest" name="testcase_flightBooking" time="50.085"/>
  <testcase classname="test.NewTest" name="testcase_BrokenLinks" time="23.230"/>
  <testcase classname="test.NewTest" name="testcase_cruisesBooking" time="54.531"/>
  <testcase classname="test.NewTest" name="testcase_UserRegister" time="19.519"/>
</testsuite> <!-- test.NewTest -->
