<?xml version="1.0" encoding="UTF-8"?>
<!-- Generated by org.testng.reporters.JUnitReportReporter -->
<testsuite hostname="Lenovo" failures="0" tests="1" name="test.Validations" time="6.884" errors="0" timestamp="1 May 2020 15:09:33 GMT">
  <testcase classname="test.Validations" name="validLogin" time="6.884"/>
</testsuite> <!-- test.Validations -->
